<?xml version="1.0" encoding="UTF-8"?>
<!-- Generated by org.testng.reporters.JUnitReportReporter -->
<testsuite skipped="0" hostname="LAPTOP-F1PFHLE7" name="com.sdet.NewTest" tests="1" failures="0" timestamp="2022-01-10T00:27:39 IST" time="0.006" errors="0">
  <testcase name="f" time="0.006" classname="com.sdet.NewTest"/>
  <system-out/>
</testsuite> <!-- com.sdet.NewTest -->
