<?xml version="1.0" encoding="UTF-8"?>
<!-- Generated by org.testng.reporters.JUnitReportReporter -->
<testsuite skipped="0" hostname="LAPTOP-F1PFHLE7" name="com.sdet.TC_login" tests="1" failures="0" timestamp="2022-01-12T22:52:57 IST" time="10.660" errors="0">
  <testcase name="login_test" time="10.660" classname="com.sdet.TC_login"/>
  <system-out/>
</testsuite> <!-- com.sdet.TC_login -->
