<?xml version="1.0" encoding="UTF-8"?>
<!-- Generated by org.testng.reporters.JUnitReportReporter -->
<testsuite skipped="0" hostname="LAPTOP-F1PFHLE7" name="com.sdet.APPTEST" tests="1" failures="0" timestamp="2022-01-12T22:52:57 IST" time="0.008" errors="0">
  <testcase name="testlogin1" time="0.008" classname="com.sdet.APPTEST"/>
  <system-out/>
</testsuite> <!-- com.sdet.APPTEST -->
